
7월 25, 2023 18:02:09.700 NEW SESSION
7월 25, 2023 18:02:09.700 [11108:16260:0725/180209.699:ERROR:feature_processor_state.cc(39)] Processing error occured: model WebAppInstallationPromo failed with UkmEngineDisabled, message: 
7월 25, 2023 18:02:09.702 INFO: Created TensorFlow Lite XNNPACK delegate for CPU.

7월 26, 2023 12:05:03.216 NEW SESSION
7월 26, 2023 12:05:03.217 [12052:16240:0726/120503.216:ERROR:feature_processor_state.cc(39)] Processing error occured: model WebAppInstallationPromo failed with UkmEngineDisabled, message: 
7월 26, 2023 12:05:03.219 INFO: Created TensorFlow Lite XNNPACK delegate for CPU.
7월 26, 2023 14:18:22.985 [12052:13256:0726/141822.984:ERROR:connection_factory_impl.cc(471)] ConnectionHandler failed with net error: -2

7월 27, 2023 15:07:27.805 NEW SESSION
7월 27, 2023 15:07:27.805 [13692:17556:0727/150727.796:ERROR:feature_processor_state.cc(39)] Processing error occured: model WebAppInstallationPromo failed with UkmEngineDisabled, message: 
7월 27, 2023 15:07:27.812 INFO: Created TensorFlow Lite XNNPACK delegate for CPU.
7월 27, 2023 15:09:33.447 [4452:9044:0727/150933.446:ERROR:feature_processor_state.cc(39)] Processing error occured: model WebAppInstallationPromo failed with UkmEngineDisabled, message: 
7월 27, 2023 15:09:33.449 INFO: Created TensorFlow Lite XNNPACK delegate for CPU.

7월 28, 2023 09:53:14.407 NEW SESSION
7월 28, 2023 09:53:14.407 [16884:13196:0728/095314.406:ERROR:feature_processor_state.cc(39)] Processing error occured: model WebAppInstallationPromo failed with UkmEngineDisabled, message: 
7월 28, 2023 09:53:14.447 INFO: Created TensorFlow Lite XNNPACK delegate for CPU.
7월 28, 2023 14:59:27.698 [16884:13196:0728/145927.698:ERROR:interface_endpoint_client.cc(702)] Message 0 rejected by interface blink.mojom.WidgetHost
7월 28, 2023 17:29:07.390 [16884:13196:0728/172907.389:ERROR:interface_endpoint_client.cc(702)] Message 1 rejected by interface blink.mojom.WidgetHost

7월 31, 2023 09:41:01.107 NEW SESSION
7월 31, 2023 09:41:01.107 [17388:3216:0731/094101.107:ERROR:feature_processor_state.cc(39)] Processing error occured: model WebAppInstallationPromo failed with UkmEngineDisabled, message: 
7월 31, 2023 09:41:01.129 INFO: Created TensorFlow Lite XNNPACK delegate for CPU.
7월 31, 2023 09:42:16.572 [7908:13436:0731/094216.572:ERROR:feature_processor_state.cc(39)] Processing error occured: model WebAppInstallationPromo failed with UkmEngineDisabled, message: 
7월 31, 2023 09:42:16.574 INFO: Created TensorFlow Lite XNNPACK delegate for CPU.
7월 31, 2023 09:43:41.151 [11088:9620:0731/094341.151:ERROR:feature_processor_state.cc(39)] Processing error occured: model WebAppInstallationPromo failed with UkmEngineDisabled, message: 
7월 31, 2023 09:43:41.153 INFO: Created TensorFlow Lite XNNPACK delegate for CPU.
7월 31, 2023 10:26:53.980 [11088:9620:0731/102653.979:ERROR:device_event_log_impl.cc(222)] [10:26:53.979] Bluetooth: bluetooth_adapter_winrt.cc:1058 Getting Default Adapter failed.
7월 31, 2023 11:01:26.293 [8324:16712:0731/110126.293:ERROR:feature_processor_state.cc(39)] Processing error occured: model WebAppInstallationPromo failed with UkmEngineDisabled, message: 
7월 31, 2023 11:01:26.304 INFO: Created TensorFlow Lite XNNPACK delegate for CPU.

7월 31, 2023 11:15:59.111 NEW SESSION
7월 31, 2023 11:15:59.111 [11008:14620:0731/111559.110:ERROR:feature_processor_state.cc(39)] Processing error occured: model WebAppInstallationPromo failed with UkmEngineDisabled, message: 
7월 31, 2023 11:15:59.112 INFO: Created TensorFlow Lite XNNPACK delegate for CPU.
7월 31, 2023 11:18:59.758 [1268:18312:0731/111859.758:ERROR:feature_processor_state.cc(39)] Processing error occured: model WebAppInstallationPromo failed with UkmEngineDisabled, message: 
7월 31, 2023 11:18:59.761 INFO: Created TensorFlow Lite XNNPACK delegate for CPU.
7월 31, 2023 11:25:12.761 [5512:4232:0731/112512.761:ERROR:feature_processor_state.cc(39)] Processing error occured: model WebAppInstallationPromo failed with UkmEngineDisabled, message: 
7월 31, 2023 11:25:12.763 INFO: Created TensorFlow Lite XNNPACK delegate for CPU.
7월 31, 2023 11:25:51.87 [15948:16648:0731/112551.087:ERROR:feature_processor_state.cc(39)] Processing error occured: model WebAppInstallationPromo failed with UkmEngineDisabled, message: 
7월 31, 2023 11:25:51.91 INFO: Created TensorFlow Lite XNNPACK delegate for CPU.
7월 31, 2023 15:12:09.390 [18192:6552:0731/151209.390:ERROR:feature_processor_state.cc(39)] Processing error occured: model WebAppInstallationPromo failed with UkmEngineDisabled, message: 
7월 31, 2023 15:12:09.393 INFO: Created TensorFlow Lite XNNPACK delegate for CPU.
7월 31, 2023 16:08:39.541 [11120:11864:0731/160839.540:ERROR:feature_processor_state.cc(39)] Processing error occured: model WebAppInstallationPromo failed with UkmEngineDisabled, message: 
7월 31, 2023 16:08:39.543 INFO: Created TensorFlow Lite XNNPACK delegate for CPU.
7월 31, 2023 16:16:50.159 [7256:10016:0731/161650.159:ERROR:feature_processor_state.cc(39)] Processing error occured: model WebAppInstallationPromo failed with UkmEngineDisabled, message: 
7월 31, 2023 16:16:50.162 INFO: Created TensorFlow Lite XNNPACK delegate for CPU.
7월 31, 2023 16:22:40.37 [6780:11124:0731/162240.037:ERROR:feature_processor_state.cc(39)] Processing error occured: model WebAppInstallationPromo failed with UkmEngineDisabled, message: 
7월 31, 2023 16:22:40.39 INFO: Created TensorFlow Lite XNNPACK delegate for CPU.

8월 01, 2023 15:59:15.995 NEW SESSION
8월 01, 2023 15:59:15.995 [696:11536:0801/155915.986:ERROR:feature_processor_state.cc(39)] Processing error occured: model WebAppInstallationPromo failed with UkmEngineDisabled, message: 
8월 01, 2023 15:59:16.02 [696:11536:0801/155915.992:ERROR:feature_processor_state.cc(39)] Processing error occured: model WebAppInstallationPromo failed with UkmEngineDisabled, message: 
8월 01, 2023 15:59:16.02 INFO: Created TensorFlow Lite XNNPACK delegate for CPU.

8월 02, 2023 09:49:51.617 NEW SESSION
8월 02, 2023 09:49:51.617 [6908:1268:0802/094951.616:ERROR:feature_processor_state.cc(39)] Processing error occured: model WebAppInstallationPromo failed with UkmEngineDisabled, message: 
8월 02, 2023 09:49:51.648 [6908:1268:0802/094951.648:ERROR:feature_processor_state.cc(39)] Processing error occured: model WebAppInstallationPromo failed with UkmEngineDisabled, message: 
8월 02, 2023 09:49:51.673 INFO: Created TensorFlow Lite XNNPACK delegate for CPU.
8월 02, 2023 10:14:09.736 [4216:10544:0802/101409.736:ERROR:feature_processor_state.cc(39)] Processing error occured: model WebAppInstallationPromo failed with UkmEngineDisabled, message: 
8월 02, 2023 10:14:09.744 [4216:10544:0802/101409.744:ERROR:feature_processor_state.cc(39)] Processing error occured: model WebAppInstallationPromo failed with UkmEngineDisabled, message: 
8월 02, 2023 11:47:49.725 [3900:9832:0802/114749.725:ERROR:feature_processor_state.cc(39)] Processing error occured: model WebAppInstallationPromo failed with UkmEngineDisabled, message: 
8월 02, 2023 11:47:49.731 [3900:9832:0802/114749.731:ERROR:feature_processor_state.cc(39)] Processing error occured: model WebAppInstallationPromo failed with UkmEngineDisabled, message: 

8월 03, 2023 10:46:34.465 NEW SESSION
8월 03, 2023 10:46:34.465 [14780:12112:0803/104634.464:ERROR:feature_processor_state.cc(39)] Processing error occured: model WebAppInstallationPromo failed with UkmEngineDisabled, message: 
8월 03, 2023 10:46:34.472 [14780:12112:0803/104634.471:ERROR:feature_processor_state.cc(39)] Processing error occured: model WebAppInstallationPromo failed with UkmEngineDisabled, message: 
8월 03, 2023 10:46:34.473 INFO: Created TensorFlow Lite XNNPACK delegate for CPU.
8월 03, 2023 10:47:45.497 [7412:6800:0803/104745.497:ERROR:feature_processor_state.cc(39)] Processing error occured: model WebAppInstallationPromo failed with UkmEngineDisabled, message: 
8월 03, 2023 10:47:45.505 [7412:6800:0803/104745.505:ERROR:feature_processor_state.cc(39)] Processing error occured: model WebAppInstallationPromo failed with UkmEngineDisabled, message: 
8월 03, 2023 10:47:45.507 INFO: Created TensorFlow Lite XNNPACK delegate for CPU.
8월 03, 2023 11:07:47.967 [7720:4532:0803/110747.967:ERROR:feature_processor_state.cc(39)] Processing error occured: model WebAppInstallationPromo failed with UkmEngineDisabled, message: 
8월 03, 2023 11:07:47.973 [7720:4532:0803/110747.973:ERROR:feature_processor_state.cc(39)] Processing error occured: model WebAppInstallationPromo failed with UkmEngineDisabled, message: 
8월 03, 2023 11:07:47.976 INFO: Created TensorFlow Lite XNNPACK delegate for CPU.
8월 03, 2023 11:25:43.740 [11916:2440:0803/112543.740:ERROR:feature_processor_state.cc(39)] Processing error occured: model WebAppInstallationPromo failed with UkmEngineDisabled, message: 
8월 03, 2023 11:25:43.747 [11916:2440:0803/112543.747:ERROR:feature_processor_state.cc(39)] Processing error occured: model WebAppInstallationPromo failed with UkmEngineDisabled, message: 
8월 03, 2023 11:25:43.749 INFO: Created TensorFlow Lite XNNPACK delegate for CPU.
8월 03, 2023 12:07:11.747 [11916:2440:0803/120711.747:ERROR:interface_endpoint_client.cc(702)] Message 1 rejected by interface blink.mojom.WidgetHost
8월 03, 2023 12:07:11.747 [11916:2440:0803/120711.747:ERROR:interface_endpoint_client.cc(702)] Message 1 rejected by interface blink.mojom.WidgetHost
8월 03, 2023 14:57:17.97 [8208:18420:0803/145717.097:ERROR:feature_processor_state.cc(39)] Processing error occured: model WebAppInstallationPromo failed with UkmEngineDisabled, message: 
8월 03, 2023 14:57:17.102 [8208:18420:0803/145717.102:ERROR:feature_processor_state.cc(39)] Processing error occured: model WebAppInstallationPromo failed with UkmEngineDisabled, message: 
8월 03, 2023 14:57:17.104 INFO: Created TensorFlow Lite XNNPACK delegate for CPU.
8월 03, 2023 15:20:49.289 [14088:7572:0803/152049.289:ERROR:feature_processor_state.cc(39)] Processing error occured: model WebAppInstallationPromo failed with UkmEngineDisabled, message: 
8월 03, 2023 15:20:49.296 [14088:7572:0803/152049.296:ERROR:feature_processor_state.cc(39)] Processing error occured: model WebAppInstallationPromo failed with UkmEngineDisabled, message: 
8월 03, 2023 15:20:49.298 INFO: Created TensorFlow Lite XNNPACK delegate for CPU.
8월 03, 2023 16:35:46.307 [14088:12560:0803/163546.307:ERROR:mcs_client.cc(750)] Received close command, resetting connection.
8월 03, 2023 17:22:55.239 [8284:6548:0803/172255.239:ERROR:feature_processor_state.cc(39)] Processing error occured: model WebAppInstallationPromo failed with UkmEngineDisabled, message: 
8월 03, 2023 17:22:55.244 [8284:6548:0803/172255.244:ERROR:feature_processor_state.cc(39)] Processing error occured: model WebAppInstallationPromo failed with UkmEngineDisabled, message: 
8월 03, 2023 17:22:55.254 INFO: Created TensorFlow Lite XNNPACK delegate for CPU.
8월 03, 2023 17:23:23.42 [8284:6548:0803/172323.042:ERROR:CONSOLE(1)] "Uncaught (in promise) RangeError: Invalid line number 30 in 1-line document", source: devtools://devtools/bundled/devtools-frontend/front_end/third_party/codemirror.next/chunk/codemirror.js (1)
8월 03, 2023 17:28:39.431 [6360:14236:0803/172839.431:ERROR:feature_processor_state.cc(39)] Processing error occured: model WebAppInstallationPromo failed with UkmEngineDisabled, message: 
8월 03, 2023 17:28:39.438 [6360:14236:0803/172839.438:ERROR:feature_processor_state.cc(39)] Processing error occured: model WebAppInstallationPromo failed with UkmEngineDisabled, message: 
8월 03, 2023 17:28:39.440 INFO: Created TensorFlow Lite XNNPACK delegate for CPU.
8월 03, 2023 17:58:52.99 [6360:14368:0803/175852.099:ERROR:mcs_client.cc(750)] Received close command, resetting connection.

8월 04, 2023 12:14:18.379 NEW SESSION
8월 04, 2023 12:14:18.379 [1696:10804:0804/121418.378:ERROR:feature_processor_state.cc(39)] Processing error occured: model WebAppInstallationPromo failed with UkmEngineDisabled, message: 
8월 04, 2023 12:14:18.387 [1696:10804:0804/121418.387:ERROR:feature_processor_state.cc(39)] Processing error occured: model WebAppInstallationPromo failed with UkmEngineDisabled, message: 
8월 04, 2023 12:14:18.396 INFO: Created TensorFlow Lite XNNPACK delegate for CPU.
8월 04, 2023 12:16:11.734 [1972:11100:0804/121611.734:ERROR:feature_processor_state.cc(39)] Processing error occured: model WebAppInstallationPromo failed with UkmEngineDisabled, message: 
8월 04, 2023 12:16:11.741 [1972:11100:0804/121611.741:ERROR:feature_processor_state.cc(39)] Processing error occured: model WebAppInstallationPromo failed with UkmEngineDisabled, message: 
8월 04, 2023 12:16:11.742 INFO: Created TensorFlow Lite XNNPACK delegate for CPU.
8월 04, 2023 12:17:11.637 [4524:1048:0804/121711.637:ERROR:feature_processor_state.cc(39)] Processing error occured: model WebAppInstallationPromo failed with UkmEngineDisabled, message: 
8월 04, 2023 12:17:11.643 [4524:1048:0804/121711.643:ERROR:feature_processor_state.cc(39)] Processing error occured: model WebAppInstallationPromo failed with UkmEngineDisabled, message: 
8월 04, 2023 12:17:11.645 INFO: Created TensorFlow Lite XNNPACK delegate for CPU.
8월 04, 2023 12:17:33.413 [9820:9700:0804/121733.413:ERROR:feature_processor_state.cc(39)] Processing error occured: model WebAppInstallationPromo failed with UkmEngineDisabled, message: 
8월 04, 2023 12:17:33.421 [9820:9700:0804/121733.421:ERROR:feature_processor_state.cc(39)] Processing error occured: model WebAppInstallationPromo failed with UkmEngineDisabled, message: 
8월 04, 2023 12:17:33.423 INFO: Created TensorFlow Lite XNNPACK delegate for CPU.
8월 04, 2023 12:18:16.348 [11396:17200:0804/121816.348:ERROR:feature_processor_state.cc(39)] Processing error occured: model WebAppInstallationPromo failed with UkmEngineDisabled, message: 
8월 04, 2023 12:18:16.355 [11396:17200:0804/121816.355:ERROR:feature_processor_state.cc(39)] Processing error occured: model WebAppInstallationPromo failed with UkmEngineDisabled, message: 
8월 04, 2023 12:18:16.358 INFO: Created TensorFlow Lite XNNPACK delegate for CPU.
8월 04, 2023 12:18:47.893 [13132:17668:0804/121847.893:ERROR:feature_processor_state.cc(39)] Processing error occured: model WebAppInstallationPromo failed with UkmEngineDisabled, message: 
8월 04, 2023 12:18:47.899 [13132:17668:0804/121847.899:ERROR:feature_processor_state.cc(39)] Processing error occured: model WebAppInstallationPromo failed with UkmEngineDisabled, message: 
8월 04, 2023 12:18:47.902 INFO: Created TensorFlow Lite XNNPACK delegate for CPU.
8월 04, 2023 12:55:01.785 [7016:6200:0804/125501.785:ERROR:feature_processor_state.cc(39)] Processing error occured: model WebAppInstallationPromo failed with UkmEngineDisabled, message: 
8월 04, 2023 12:55:01.787 [7016:6200:0804/125501.787:ERROR:feature_processor_state.cc(39)] Processing error occured: model WebAppInstallationPromo failed with UkmEngineDisabled, message: 
8월 04, 2023 12:55:01.789 INFO: Created TensorFlow Lite XNNPACK delegate for CPU.
8월 04, 2023 12:59:04.05 [4204:14628:0804/125904.005:ERROR:feature_processor_state.cc(39)] Processing error occured: model WebAppInstallationPromo failed with UkmEngineDisabled, message: 
8월 04, 2023 12:59:04.10 [4204:14628:0804/125904.009:ERROR:feature_processor_state.cc(39)] Processing error occured: model WebAppInstallationPromo failed with UkmEngineDisabled, message: 
8월 04, 2023 12:59:04.11 INFO: Created TensorFlow Lite XNNPACK delegate for CPU.
8월 04, 2023 13:01:53.541 [17988:10036:0804/130153.541:ERROR:feature_processor_state.cc(39)] Processing error occured: model WebAppInstallationPromo failed with UkmEngineDisabled, message: 
8월 04, 2023 13:01:53.547 [17988:10036:0804/130153.546:ERROR:feature_processor_state.cc(39)] Processing error occured: model WebAppInstallationPromo failed with UkmEngineDisabled, message: 
8월 04, 2023 13:01:53.549 INFO: Created TensorFlow Lite XNNPACK delegate for CPU.
8월 04, 2023 13:02:34.295 [9700:15776:0804/130234.295:ERROR:feature_processor_state.cc(39)] Processing error occured: model WebAppInstallationPromo failed with UkmEngineDisabled, message: 
8월 04, 2023 13:02:34.302 [9700:15776:0804/130234.301:ERROR:feature_processor_state.cc(39)] Processing error occured: model WebAppInstallationPromo failed with UkmEngineDisabled, message: 
8월 04, 2023 13:02:34.304 INFO: Created TensorFlow Lite XNNPACK delegate for CPU.

8월 07, 2023 09:44:24.333 NEW SESSION
8월 07, 2023 09:44:24.333 [2148:9372:0807/094424.332:ERROR:feature_processor_state.cc(39)] Processing error occured: model WebAppInstallationPromo failed with UkmEngineDisabled, message: 
8월 07, 2023 09:44:24.358 [2148:9372:0807/094424.340:ERROR:feature_processor_state.cc(39)] Processing error occured: model WebAppInstallationPromo failed with UkmEngineDisabled, message: 
8월 07, 2023 09:44:24.359 INFO: Created TensorFlow Lite XNNPACK delegate for CPU.
8월 07, 2023 09:49:30.427 [6688:15640:0807/094930.427:ERROR:feature_processor_state.cc(39)] Processing error occured: model WebAppInstallationPromo failed with UkmEngineDisabled, message: 
8월 07, 2023 09:49:30.435 [6688:15640:0807/094930.435:ERROR:feature_processor_state.cc(39)] Processing error occured: model WebAppInstallationPromo failed with UkmEngineDisabled, message: 
8월 07, 2023 09:49:30.437 INFO: Created TensorFlow Lite XNNPACK delegate for CPU.
8월 07, 2023 09:53:28.337 [14728:11940:0807/095328.337:ERROR:feature_processor_state.cc(39)] Processing error occured: model WebAppInstallationPromo failed with UkmEngineDisabled, message: 
8월 07, 2023 09:53:28.343 [14728:11940:0807/095328.343:ERROR:feature_processor_state.cc(39)] Processing error occured: model WebAppInstallationPromo failed with UkmEngineDisabled, message: 
8월 07, 2023 09:53:28.345 INFO: Created TensorFlow Lite XNNPACK delegate for CPU.
8월 07, 2023 10:05:21.99 [14728:11940:0807/100521.099:ERROR:interface_endpoint_client.cc(702)] Message 1 rejected by interface blink.mojom.WidgetHost
8월 07, 2023 11:07:17.719 [16352:4200:0807/110717.719:ERROR:feature_processor_state.cc(39)] Processing error occured: model WebAppInstallationPromo failed with UkmEngineDisabled, message: 
8월 07, 2023 11:07:17.728 [16352:4200:0807/110717.728:ERROR:feature_processor_state.cc(39)] Processing error occured: model WebAppInstallationPromo failed with UkmEngineDisabled, message: 
8월 07, 2023 11:07:17.738 INFO: Created TensorFlow Lite XNNPACK delegate for CPU.
8월 07, 2023 11:26:56.558 [15708:10584:0807/112656.558:ERROR:feature_processor_state.cc(39)] Processing error occured: model WebAppInstallationPromo failed with UkmEngineDisabled, message: 
8월 07, 2023 11:26:56.565 [15708:10584:0807/112656.565:ERROR:feature_processor_state.cc(39)] Processing error occured: model WebAppInstallationPromo failed with UkmEngineDisabled, message: 
8월 07, 2023 11:26:56.567 INFO: Created TensorFlow Lite XNNPACK delegate for CPU.
8월 07, 2023 12:20:44.121 [12048:13716:0807/122044.120:ERROR:feature_processor_state.cc(39)] Processing error occured: model WebAppInstallationPromo failed with UkmEngineDisabled, message: 
8월 07, 2023 12:20:44.127 [12048:13716:0807/122044.127:ERROR:feature_processor_state.cc(39)] Processing error occured: model WebAppInstallationPromo failed with UkmEngineDisabled, message: 
8월 07, 2023 12:20:44.130 INFO: Created TensorFlow Lite XNNPACK delegate for CPU.
8월 07, 2023 14:57:24.882 [12048:13716:0807/145724.882:ERROR:interface_endpoint_client.cc(702)] Message 1 rejected by interface blink.mojom.WidgetHost
8월 07, 2023 17:01:23.310 [12528:16088:0807/170123.310:ERROR:feature_processor_state.cc(39)] Processing error occured: model WebAppInstallationPromo failed with UkmEngineDisabled, message: 
8월 07, 2023 17:01:23.316 [12528:16088:0807/170123.316:ERROR:feature_processor_state.cc(39)] Processing error occured: model WebAppInstallationPromo failed with UkmEngineDisabled, message: 
8월 07, 2023 17:01:23.318 INFO: Created TensorFlow Lite XNNPACK delegate for CPU.
8월 07, 2023 17:10:32.198 [12528:16088:0807/171032.198:ERROR:interface_endpoint_client.cc(702)] Message 1 rejected by interface blink.mojom.WidgetHost
8월 07, 2023 17:10:49.470 [12528:16088:0807/171049.470:ERROR:device_event_log_impl.cc(222)] [17:10:49.470] Bluetooth: bluetooth_adapter_winrt.cc:1058 Getting Default Adapter failed.

8월 08, 2023 12:32:35.870 NEW SESSION
8월 08, 2023 12:32:35.870 [18096:15436:0808/123235.862:ERROR:feature_processor_state.cc(39)] Processing error occured: model WebAppInstallationPromo failed with UkmEngineDisabled, message: 
8월 08, 2023 12:32:35.879 [18096:15436:0808/123235.867:ERROR:feature_processor_state.cc(39)] Processing error occured: model WebAppInstallationPromo failed with UkmEngineDisabled, message: 
8월 08, 2023 12:32:35.879 INFO: Created TensorFlow Lite XNNPACK delegate for CPU.
8월 08, 2023 12:45:17.22 [18096:15436:0808/124517.021:ERROR:interface_endpoint_client.cc(702)] Message 1 rejected by interface blink.mojom.WidgetHost

8월 14, 2023 11:21:46.320 NEW SESSION
8월 14, 2023 11:21:46.320 [13120:13116:0814/112146.319:ERROR:feature_processor_state.cc(39)] Processing error occured: model WebAppInstallationPromo failed with UkmEngineDisabled, message: 
8월 14, 2023 11:21:46.346 INFO: Created TensorFlow Lite XNNPACK delegate for CPU.
8월 14, 2023 11:54:19.307 [5144:6160:0814/115419.307:ERROR:feature_processor_state.cc(39)] Processing error occured: model WebAppInstallationPromo failed with UkmEngineDisabled, message: 
8월 14, 2023 11:54:19.314 INFO: Created TensorFlow Lite XNNPACK delegate for CPU.
8월 14, 2023 11:59:19.175 [11904:13972:0814/115919.175:ERROR:feature_processor_state.cc(39)] Processing error occured: model WebAppInstallationPromo failed with UkmEngineDisabled, message: 
8월 14, 2023 11:59:19.184 INFO: Created TensorFlow Lite XNNPACK delegate for CPU.
8월 14, 2023 13:16:54.696 [17764:17488:0814/131654.696:ERROR:feature_processor_state.cc(39)] Processing error occured: model WebAppInstallationPromo failed with UkmEngineDisabled, message: 
8월 14, 2023 13:16:54.704 INFO: Created TensorFlow Lite XNNPACK delegate for CPU.
8월 14, 2023 14:52:04.411 [6800:11088:0814/145204.411:ERROR:feature_processor_state.cc(39)] Processing error occured: model WebAppInstallationPromo failed with UkmEngineDisabled, message: 
8월 14, 2023 14:52:04.421 INFO: Created TensorFlow Lite XNNPACK delegate for CPU.
8월 14, 2023 15:10:53.524 [14080:15524:0814/151053.524:ERROR:feature_processor_state.cc(39)] Processing error occured: model WebAppInstallationPromo failed with UkmEngineDisabled, message: 
8월 14, 2023 15:10:53.533 INFO: Created TensorFlow Lite XNNPACK delegate for CPU.
8월 14, 2023 15:21:55.133 [14080:15524:0814/152155.132:ERROR:interface_endpoint_client.cc(702)] Message 1 rejected by interface blink.mojom.WidgetHost
8월 14, 2023 15:26:39.850 [15368:11544:0814/152639.849:ERROR:feature_processor_state.cc(39)] Processing error occured: model WebAppInstallationPromo failed with UkmEngineDisabled, message: 
8월 14, 2023 15:26:39.856 INFO: Created TensorFlow Lite XNNPACK delegate for CPU.
8월 14, 2023 15:27:18.626 [15368:11544:0814/152718.626:ERROR:interface_endpoint_client.cc(702)] Message 1 rejected by interface blink.mojom.WidgetHost
8월 14, 2023 15:44:07.331 [4436:16380:0814/154407.331:ERROR:feature_processor_state.cc(39)] Processing error occured: model WebAppInstallationPromo failed with UkmEngineDisabled, message: 
8월 14, 2023 15:44:07.339 INFO: Created TensorFlow Lite XNNPACK delegate for CPU.
8월 14, 2023 16:41:52.471 [7644:14308:0814/164152.471:ERROR:feature_processor_state.cc(39)] Processing error occured: model WebAppInstallationPromo failed with UkmEngineDisabled, message: 
8월 14, 2023 16:41:52.480 INFO: Created TensorFlow Lite XNNPACK delegate for CPU.

8월 16, 2023 12:22:51.564 NEW SESSION
8월 16, 2023 12:22:51.564 [16556:12412:0816/122251.563:ERROR:feature_processor_state.cc(39)] Processing error occured: model WebAppInstallationPromo failed with UkmEngineDisabled, message: 
8월 16, 2023 12:22:51.581 INFO: Created TensorFlow Lite XNNPACK delegate for CPU.
8월 16, 2023 12:38:29.29 [5448:14744:0816/123829.029:ERROR:feature_processor_state.cc(39)] Processing error occured: model WebAppInstallationPromo failed with UkmEngineDisabled, message: 
8월 16, 2023 12:38:29.37 INFO: Created TensorFlow Lite XNNPACK delegate for CPU.
8월 16, 2023 12:38:31.86 [5448:14744:0816/123831.085:ERROR:CONSOLE(1)] "Request Overlay.highlightNode failed. {"code":-32600,"message":"The node's document is not active"}", source: devtools://devtools/bundled/devtools-frontend/front_end/core/protocol_client/protocol_client.js (1)
8월 16, 2023 12:38:31.719 [5448:14744:0816/123831.719:ERROR:CONSOLE(1)] "Request Overlay.highlightNode failed. {"code":-32600,"message":"The node's document is not active"}", source: devtools://devtools/bundled/devtools-frontend/front_end/core/protocol_client/protocol_client.js (1)
8월 16, 2023 12:38:32.502 [5448:14744:0816/123832.502:ERROR:CONSOLE(1)] "Request Overlay.highlightNode failed. {"code":-32600,"message":"The node's document is not active"}", source: devtools://devtools/bundled/devtools-frontend/front_end/core/protocol_client/protocol_client.js (1)
8월 16, 2023 12:38:32.551 [5448:14744:0816/123832.551:ERROR:CONSOLE(1)] "Request Overlay.highlightNode failed. {"code":-32600,"message":"The node's document is not active"}", source: devtools://devtools/bundled/devtools-frontend/front_end/core/protocol_client/protocol_client.js (1)
8월 16, 2023 12:38:32.584 [5448:14744:0816/123832.584:ERROR:CONSOLE(1)] "Request Overlay.highlightNode failed. {"code":-32600,"message":"The node's document is not active"}", source: devtools://devtools/bundled/devtools-frontend/front_end/core/protocol_client/protocol_client.js (1)
8월 16, 2023 12:38:32.802 [5448:14744:0816/123832.802:ERROR:CONSOLE(1)] "Request Overlay.highlightNode failed. {"code":-32600,"message":"The node's document is not active"}", source: devtools://devtools/bundled/devtools-frontend/front_end/core/protocol_client/protocol_client.js (1)
8월 16, 2023 12:38:33.32 [5448:14744:0816/123833.031:ERROR:CONSOLE(1)] "Request Overlay.highlightNode failed. {"code":-32600,"message":"The node's document is not active"}", source: devtools://devtools/bundled/devtools-frontend/front_end/core/protocol_client/protocol_client.js (1)
8월 16, 2023 12:38:33.262 [5448:14744:0816/123833.262:ERROR:CONSOLE(1)] "Request Overlay.highlightNode failed. {"code":-32600,"message":"The node's document is not active"}", source: devtools://devtools/bundled/devtools-frontend/front_end/core/protocol_client/protocol_client.js (1)
8월 16, 2023 12:38:33.655 [5448:14744:0816/123833.654:ERROR:CONSOLE(1)] "Request Overlay.highlightNode failed. {"code":-32600,"message":"The node's document is not active"}", source: devtools://devtools/bundled/devtools-frontend/front_end/core/protocol_client/protocol_client.js (1)
8월 16, 2023 12:38:34.292 [5448:14744:0816/123834.291:ERROR:CONSOLE(1)] "Request Overlay.highlightNode failed. {"code":-32600,"message":"The node's document is not active"}", source: devtools://devtools/bundled/devtools-frontend/front_end/core/protocol_client/protocol_client.js (1)
8월 16, 2023 12:38:34.375 [5448:14744:0816/123834.373:ERROR:CONSOLE(1)] "Request Overlay.highlightNode failed. {"code":-32600,"message":"The node's document is not active"}", source: devtools://devtools/bundled/devtools-frontend/front_end/core/protocol_client/protocol_client.js (1)
8월 16, 2023 12:38:34.453 [5448:14744:0816/123834.451:ERROR:CONSOLE(1)] "Request Overlay.highlightNode failed. {"code":-32600,"message":"The node's document is not active"}", source: devtools://devtools/bundled/devtools-frontend/front_end/core/protocol_client/protocol_client.js (1)
8월 16, 2023 12:38:34.521 [5448:14744:0816/123834.521:ERROR:CONSOLE(1)] "Request Overlay.highlightNode failed. {"code":-32600,"message":"The node's document is not active"}", source: devtools://devtools/bundled/devtools-frontend/front_end/core/protocol_client/protocol_client.js (1)
8월 16, 2023 12:38:35.124 [5448:14744:0816/123835.124:ERROR:CONSOLE(1)] "Request Overlay.highlightNode failed. {"code":-32600,"message":"The node's document is not active"}", source: devtools://devtools/bundled/devtools-frontend/front_end/core/protocol_client/protocol_client.js (1)
8월 16, 2023 12:38:35.170 [5448:14744:0816/123835.170:ERROR:CONSOLE(1)] "Request Overlay.highlightNode failed. {"code":-32600,"message":"The node's document is not active"}", source: devtools://devtools/bundled/devtools-frontend/front_end/core/protocol_client/protocol_client.js (1)
8월 16, 2023 12:38:35.188 [5448:14744:0816/123835.187:ERROR:CONSOLE(1)] "Request Overlay.highlightNode failed. {"code":-32600,"message":"The node's document is not active"}", source: devtools://devtools/bundled/devtools-frontend/front_end/core/protocol_client/protocol_client.js (1)
8월 16, 2023 12:45:40.871 [5448:14744:0816/124540.871:ERROR:CONSOLE(1)] "Request Overlay.highlightNode failed. {"code":-32600,"message":"The node's document is not active"}", source: devtools://devtools/bundled/devtools-frontend/front_end/core/protocol_client/protocol_client.js (1)
8월 16, 2023 12:45:41.735 [5448:14744:0816/124541.735:ERROR:CONSOLE(1)] "Request Overlay.highlightNode failed. {"code":-32600,"message":"The node's document is not active"}", source: devtools://devtools/bundled/devtools-frontend/front_end/core/protocol_client/protocol_client.js (1)
8월 16, 2023 12:45:43.634 [5448:14744:0816/124543.634:ERROR:CONSOLE(1)] "Request Overlay.highlightNode failed. {"code":-32600,"message":"The node's document is not active"}", source: devtools://devtools/bundled/devtools-frontend/front_end/core/protocol_client/protocol_client.js (1)
8월 16, 2023 12:45:44.102 [5448:14744:0816/124544.101:ERROR:CONSOLE(1)] "Request Overlay.highlightNode failed. {"code":-32600,"message":"The node's document is not active"}", source: devtools://devtools/bundled/devtools-frontend/front_end/core/protocol_client/protocol_client.js (1)
8월 16, 2023 12:45:44.573 [5448:14744:0816/124544.573:ERROR:CONSOLE(1)] "Request Overlay.highlightNode failed. {"code":-32600,"message":"The node's document is not active"}", source: devtools://devtools/bundled/devtools-frontend/front_end/core/protocol_client/protocol_client.js (1)
8월 16, 2023 12:45:47.265 [5448:14744:0816/124547.265:ERROR:CONSOLE(1)] "Request Overlay.highlightNode failed. {"code":-32600,"message":"The node's document is not active"}", source: devtools://devtools/bundled/devtools-frontend/front_end/core/protocol_client/protocol_client.js (1)
8월 16, 2023 12:45:48.757 [5448:14744:0816/124548.757:ERROR:CONSOLE(1)] "Request Overlay.highlightNode failed. {"code":-32600,"message":"The node's document is not active"}", source: devtools://devtools/bundled/devtools-frontend/front_end/core/protocol_client/protocol_client.js (1)
8월 16, 2023 12:45:49.479 [5448:14744:0816/124549.479:ERROR:CONSOLE(1)] "Request Overlay.highlightNode failed. {"code":-32600,"message":"The node's document is not active"}", source: devtools://devtools/bundled/devtools-frontend/front_end/core/protocol_client/protocol_client.js (1)
8월 16, 2023 12:45:49.609 [5448:14744:0816/124549.609:ERROR:CONSOLE(1)] "Request Overlay.highlightNode failed. {"code":-32600,"message":"The node's document is not active"}", source: devtools://devtools/bundled/devtools-frontend/front_end/core/protocol_client/protocol_client.js (1)
8월 16, 2023 12:45:49.930 [5448:14744:0816/124549.929:ERROR:CONSOLE(1)] "Request Overlay.highlightNode failed. {"code":-32600,"message":"The node's document is not active"}", source: devtools://devtools/bundled/devtools-frontend/front_end/core/protocol_client/protocol_client.js (1)
8월 16, 2023 12:45:50.282 [5448:14744:0816/124550.281:ERROR:CONSOLE(1)] "Request Overlay.highlightNode failed. {"code":-32600,"message":"The node's document is not active"}", source: devtools://devtools/bundled/devtools-frontend/front_end/core/protocol_client/protocol_client.js (1)
8월 16, 2023 12:45:50.879 [5448:14744:0816/124550.879:ERROR:CONSOLE(1)] "Request Overlay.highlightNode failed. {"code":-32600,"message":"The node's document is not active"}", source: devtools://devtools/bundled/devtools-frontend/front_end/core/protocol_client/protocol_client.js (1)
8월 16, 2023 12:45:50.945 [5448:14744:0816/124550.945:ERROR:CONSOLE(1)] "Request Overlay.highlightNode failed. {"code":-32600,"message":"The node's document is not active"}", source: devtools://devtools/bundled/devtools-frontend/front_end/core/protocol_client/protocol_client.js (1)
8월 16, 2023 12:45:51.82 [5448:14744:0816/124551.082:ERROR:CONSOLE(1)] "Request Overlay.highlightNode failed. {"code":-32600,"message":"The node's document is not active"}", source: devtools://devtools/bundled/devtools-frontend/front_end/core/protocol_client/protocol_client.js (1)
8월 16, 2023 12:45:51.683 [5448:14744:0816/124551.682:ERROR:CONSOLE(1)] "Request Overlay.highlightNode failed. {"code":-32600,"message":"The node's document is not active"}", source: devtools://devtools/bundled/devtools-frontend/front_end/core/protocol_client/protocol_client.js (1)
8월 16, 2023 12:45:52.461 [5448:14744:0816/124552.461:ERROR:CONSOLE(1)] "Request Overlay.highlightNode failed. {"code":-32600,"message":"The node's document is not active"}", source: devtools://devtools/bundled/devtools-frontend/front_end/core/protocol_client/protocol_client.js (1)
8월 16, 2023 12:45:52.602 [5448:14744:0816/124552.602:ERROR:CONSOLE(1)] "Request Overlay.highlightNode failed. {"code":-32600,"message":"The node's document is not active"}", source: devtools://devtools/bundled/devtools-frontend/front_end/core/protocol_client/protocol_client.js (1)
8월 16, 2023 12:45:52.614 [5448:14744:0816/124552.614:ERROR:CONSOLE(1)] "Request Overlay.highlightNode failed. {"code":-32600,"message":"The node's document is not active"}", source: devtools://devtools/bundled/devtools-frontend/front_end/core/protocol_client/protocol_client.js (1)
8월 16, 2023 12:46:05.746 [5448:14744:0816/124605.746:ERROR:CONSOLE(1)] "Request Overlay.highlightNode failed. {"code":-32600,"message":"The node's document is not active"}", source: devtools://devtools/bundled/devtools-frontend/front_end/core/protocol_client/protocol_client.js (1)
8월 16, 2023 12:46:14.170 [5448:14744:0816/124614.169:ERROR:CONSOLE(1)] "Request Overlay.highlightNode failed. {"code":-32600,"message":"The node's document is not active"}", source: devtools://devtools/bundled/devtools-frontend/front_end/core/protocol_client/protocol_client.js (1)
8월 16, 2023 12:46:14.183 [5448:14744:0816/124614.183:ERROR:CONSOLE(1)] "Request Overlay.highlightNode failed. {"code":-32600,"message":"The node's document is not active"}", source: devtools://devtools/bundled/devtools-frontend/front_end/core/protocol_client/protocol_client.js (1)
8월 16, 2023 12:46:14.200 [5448:14744:0816/124614.199:ERROR:CONSOLE(1)] "Request Overlay.highlightNode failed. {"code":-32600,"message":"The node's document is not active"}", source: devtools://devtools/bundled/devtools-frontend/front_end/core/protocol_client/protocol_client.js (1)
8월 16, 2023 12:46:14.217 [5448:14744:0816/124614.216:ERROR:CONSOLE(1)] "Request Overlay.highlightNode failed. {"code":-32600,"message":"The node's document is not active"}", source: devtools://devtools/bundled/devtools-frontend/front_end/core/protocol_client/protocol_client.js (1)
8월 16, 2023 12:46:14.233 [5448:14744:0816/124614.232:ERROR:CONSOLE(1)] "Request Overlay.highlightNode failed. {"code":-32600,"message":"The node's document is not active"}", source: devtools://devtools/bundled/devtools-frontend/front_end/core/protocol_client/protocol_client.js (1)
8월 16, 2023 12:46:14.250 [5448:14744:0816/124614.250:ERROR:CONSOLE(1)] "Request Overlay.highlightNode failed. {"code":-32600,"message":"The node's document is not active"}", source: devtools://devtools/bundled/devtools-frontend/front_end/core/protocol_client/protocol_client.js (1)
8월 16, 2023 12:46:14.266 [5448:14744:0816/124614.266:ERROR:CONSOLE(1)] "Request Overlay.highlightNode failed. {"code":-32600,"message":"The node's document is not active"}", source: devtools://devtools/bundled/devtools-frontend/front_end/core/protocol_client/protocol_client.js (1)
8월 16, 2023 12:46:14.281 [5448:14744:0816/124614.281:ERROR:CONSOLE(1)] "Request Overlay.highlightNode failed. {"code":-32600,"message":"The node's document is not active"}", source: devtools://devtools/bundled/devtools-frontend/front_end/core/protocol_client/protocol_client.js (1)
8월 16, 2023 12:46:14.299 [5448:14744:0816/124614.299:ERROR:CONSOLE(1)] "Request Overlay.highlightNode failed. {"code":-32600,"message":"The node's document is not active"}", source: devtools://devtools/bundled/devtools-frontend/front_end/core/protocol_client/protocol_client.js (1)
8월 16, 2023 12:46:14.333 [5448:14744:0816/124614.333:ERROR:CONSOLE(1)] "Request Overlay.highlightNode failed. {"code":-32600,"message":"The node's document is not active"}", source: devtools://devtools/bundled/devtools-frontend/front_end/core/protocol_client/protocol_client.js (1)
8월 16, 2023 12:46:14.588 [5448:14744:0816/124614.588:ERROR:CONSOLE(1)] "Request Overlay.highlightNode failed. {"code":-32600,"message":"The node's document is not active"}", source: devtools://devtools/bundled/devtools-frontend/front_end/core/protocol_client/protocol_client.js (1)
8월 16, 2023 12:46:14.606 [5448:14744:0816/124614.605:ERROR:CONSOLE(1)] "Request Overlay.highlightNode failed. {"code":-32600,"message":"The node's document is not active"}", source: devtools://devtools/bundled/devtools-frontend/front_end/core/protocol_client/protocol_client.js (1)
8월 16, 2023 12:46:14.617 [5448:14744:0816/124614.617:ERROR:CONSOLE(1)] "Request Overlay.highlightNode failed. {"code":-32600,"message":"The node's document is not active"}", source: devtools://devtools/bundled/devtools-frontend/front_end/core/protocol_client/protocol_client.js (1)
8월 16, 2023 12:46:14.633 [5448:14744:0816/124614.633:ERROR:CONSOLE(1)] "Request Overlay.highlightNode failed. {"code":-32600,"message":"The node's document is not active"}", source: devtools://devtools/bundled/devtools-frontend/front_end/core/protocol_client/protocol_client.js (1)
8월 16, 2023 12:46:14.651 [5448:14744:0816/124614.650:ERROR:CONSOLE(1)] "Request Overlay.highlightNode failed. {"code":-32600,"message":"The node's document is not active"}", source: devtools://devtools/bundled/devtools-frontend/front_end/core/protocol_client/protocol_client.js (1)
8월 16, 2023 12:46:14.722 [5448:14744:0816/124614.721:ERROR:CONSOLE(1)] "Request Overlay.highlightNode failed. {"code":-32600,"message":"The node's document is not active"}", source: devtools://devtools/bundled/devtools-frontend/front_end/core/protocol_client/protocol_client.js (1)
8월 16, 2023 12:46:14.767 [5448:14744:0816/124614.767:ERROR:CONSOLE(1)] "Request Overlay.highlightNode failed. {"code":-32600,"message":"The node's document is not active"}", source: devtools://devtools/bundled/devtools-frontend/front_end/core/protocol_client/protocol_client.js (1)
8월 16, 2023 12:46:14.801 [5448:14744:0816/124614.800:ERROR:CONSOLE(1)] "Request Overlay.highlightNode failed. {"code":-32600,"message":"The node's document is not active"}", source: devtools://devtools/bundled/devtools-frontend/front_end/core/protocol_client/protocol_client.js (1)
8월 16, 2023 12:46:14.816 [5448:14744:0816/124614.816:ERROR:CONSOLE(1)] "Request Overlay.highlightNode failed. {"code":-32600,"message":"The node's document is not active"}", source: devtools://devtools/bundled/devtools-frontend/front_end/core/protocol_client/protocol_client.js (1)
8월 16, 2023 12:46:18.187 [5448:14744:0816/124618.187:ERROR:CONSOLE(1)] "Request Overlay.highlightNode failed. {"code":-32600,"message":"The node's document is not active"}", source: devtools://devtools/bundled/devtools-frontend/front_end/core/protocol_client/protocol_client.js (1)
8월 16, 2023 12:46:18.211 [5448:14744:0816/124618.210:ERROR:CONSOLE(1)] "Request Overlay.highlightNode failed. {"code":-32600,"message":"The node's document is not active"}", source: devtools://devtools/bundled/devtools-frontend/front_end/core/protocol_client/protocol_client.js (1)
8월 16, 2023 12:46:18.254 [5448:14744:0816/124618.254:ERROR:CONSOLE(1)] "Request Overlay.highlightNode failed. {"code":-32600,"message":"The node's document is not active"}", source: devtools://devtools/bundled/devtools-frontend/front_end/core/protocol_client/protocol_client.js (1)
8월 16, 2023 12:46:18.562 [5448:14744:0816/124618.561:ERROR:CONSOLE(1)] "Request Overlay.highlightNode failed. {"code":-32600,"message":"The node's document is not active"}", source: devtools://devtools/bundled/devtools-frontend/front_end/core/protocol_client/protocol_client.js (1)
8월 16, 2023 12:46:18.587 [5448:14744:0816/124618.586:ERROR:CONSOLE(1)] "Request Overlay.highlightNode failed. {"code":-32600,"message":"The node's document is not active"}", source: devtools://devtools/bundled/devtools-frontend/front_end/core/protocol_client/protocol_client.js (1)
8월 16, 2023 12:46:25.949 [5448:14744:0816/124625.949:ERROR:CONSOLE(1)] "Request Overlay.highlightNode failed. {"code":-32600,"message":"The node's document is not active"}", source: devtools://devtools/bundled/devtools-frontend/front_end/core/protocol_client/protocol_client.js (1)
8월 16, 2023 12:46:25.963 [5448:14744:0816/124625.963:ERROR:CONSOLE(1)] "Request Overlay.highlightNode failed. {"code":-32600,"message":"The node's document is not active"}", source: devtools://devtools/bundled/devtools-frontend/front_end/core/protocol_client/protocol_client.js (1)
8월 16, 2023 12:46:44.966 [5448:14744:0816/124644.966:ERROR:CONSOLE(1)] "Request Overlay.highlightNode failed. {"code":-32600,"message":"The node's document is not active"}", source: devtools://devtools/bundled/devtools-frontend/front_end/core/protocol_client/protocol_client.js (1)
8월 16, 2023 12:48:44.754 [596:16256:0816/124844.754:ERROR:feature_processor_state.cc(39)] Processing error occured: model WebAppInstallationPromo failed with UkmEngineDisabled, message: 
8월 16, 2023 12:48:44.763 INFO: Created TensorFlow Lite XNNPACK delegate for CPU.
8월 16, 2023 13:14:28.965 [596:16256:0816/131428.965:ERROR:interface_endpoint_client.cc(702)] Message 1 rejected by interface blink.mojom.WidgetHost
8월 16, 2023 15:23:12.716 [15540:14352:0816/152312.716:ERROR:feature_processor_state.cc(39)] Processing error occured: model WebAppInstallationPromo failed with UkmEngineDisabled, message: 
8월 16, 2023 15:23:12.738 INFO: Created TensorFlow Lite XNNPACK delegate for CPU.
8월 16, 2023 15:43:23.976 [7140:14888:0816/154323.976:ERROR:feature_processor_state.cc(39)] Processing error occured: model WebAppInstallationPromo failed with UkmEngineDisabled, message: 
8월 16, 2023 15:43:23.984 INFO: Created TensorFlow Lite XNNPACK delegate for CPU.
8월 16, 2023 15:50:44.39 [7140:14888:0816/155044.039:ERROR:interface_endpoint_client.cc(702)] Message 1 rejected by interface blink.mojom.WidgetHost

8월 17, 2023 16:28:26.500 NEW SESSION
8월 17, 2023 16:28:26.501 INFO: Created TensorFlow Lite XNNPACK delegate for CPU.
8월 17, 2023 16:42:40.847 [8880:13784:0817/164240.847:ERROR:interface_endpoint_client.cc(702)] Message 1 rejected by interface blink.mojom.WidgetHost
8월 17, 2023 16:55:43.668 [8880:13784:0817/165543.668:ERROR:interface_endpoint_client.cc(702)] Message 0 rejected by interface blink.mojom.WidgetHost
8월 17, 2023 16:56:05.768 INFO: Created TensorFlow Lite XNNPACK delegate for CPU.

8월 18, 2023 12:20:55.987 NEW SESSION
8월 18, 2023 12:20:55.987 INFO: Created TensorFlow Lite XNNPACK delegate for CPU.
8월 18, 2023 12:46:11.508 INFO: Created TensorFlow Lite XNNPACK delegate for CPU.
